CRITICAL - 2024-11-03 17:11:40 --> CodeIgniter\View\Exceptions\ViewException: Invalid file: "livre_view.php"
[Method: GET, Route: /]
in SYSTEMPATH\Exceptions\FrameworkException.php on line 41.
 1 SYSTEMPATH\View\View.php(222): CodeIgniter\Exceptions\FrameworkException::forInvalidFile('livre_view.php')
 2 SYSTEMPATH\Common.php(1171): CodeIgniter\View\View->render('livre_view', [], true)
 3 APPPATH\Controllers\test_livre.php(7): view('livre_view')
 4 SYSTEMPATH\CodeIgniter.php(933): App\Controllers\test_livre->index()
 5 SYSTEMPATH\CodeIgniter.php(509): CodeIgniter\CodeIgniter->runController(Object(App\Controllers\test_livre))
 6 SYSTEMPATH\CodeIgniter.php(355): CodeIgniter\CodeIgniter->handleRequest(null, Object(Config\Cache), false)
 7 SYSTEMPATH\Boot.php(325): CodeIgniter\CodeIgniter->run()
 8 SYSTEMPATH\Boot.php(67): CodeIgniter\Boot::runCodeIgniter(Object(CodeIgniter\CodeIgniter))
 9 FCPATH\index.php(56): CodeIgniter\Boot::bootWeb(Object(Config\Paths))
CRITICAL - 2024-11-03 17:26:10 --> CodeIgniter\View\Exceptions\ViewException: Invalid file: "livre_view.php"
[Method: GET, Route: /]
in SYSTEMPATH\Exceptions\FrameworkException.php on line 41.
 1 SYSTEMPATH\View\View.php(222): CodeIgniter\Exceptions\FrameworkException::forInvalidFile('livre_view.php')
 2 SYSTEMPATH\Common.php(1171): CodeIgniter\View\View->render('livre_view', [], true)
 3 APPPATH\Controllers\test_livre.php(7): view('livre_view')
 4 SYSTEMPATH\CodeIgniter.php(933): App\Controllers\test_livre->index()
 5 SYSTEMPATH\CodeIgniter.php(509): CodeIgniter\CodeIgniter->runController(Object(App\Controllers\test_livre))
 6 SYSTEMPATH\CodeIgniter.php(355): CodeIgniter\CodeIgniter->handleRequest(null, Object(Config\Cache), false)
 7 SYSTEMPATH\Boot.php(325): CodeIgniter\CodeIgniter->run()
 8 SYSTEMPATH\Boot.php(67): CodeIgniter\Boot::runCodeIgniter(Object(CodeIgniter\CodeIgniter))
 9 FCPATH\index.php(56): CodeIgniter\Boot::bootWeb(Object(Config\Paths))
